<?xml version="1.0" encoding="UTF-8"?>
<testng-results ignored="0" total="1" passed="1" failed="0" skipped="0">
  <reporter-output>
  </reporter-output>
  <suite started-at="2024-08-13T17:22:28 IST" name="Command line suite" finished-at="2024-08-13T17:22:40 IST" duration-ms="11704">
    <groups>
    </groups>
    <test started-at="2024-08-13T17:22:28 IST" name="Command line test" finished-at="2024-08-13T17:22:40 IST" duration-ms="11704">
      <class name="UIAutomator.DemoNewTest">
        <test-method is-config="true" signature="setUp()[pri:0, instance:UIAutomator.DemoNewTest@4f0100a7]" started-at="2024-08-13T17:22:28 IST" name="setUp" finished-at="2024-08-13T17:22:31 IST" duration-ms="2414" status="PASS">
          <reporter-output>
          </reporter-output>
        </test-method> <!-- setUp -->
        <test-method signature="testFlipkart()[pri:0, instance:UIAutomator.DemoNewTest@4f0100a7]" started-at="2024-08-13T17:22:31 IST" name="testFlipkart" finished-at="2024-08-13T17:22:40 IST" duration-ms="9065" status="PASS">
          <reporter-output>
          </reporter-output>
        </test-method> <!-- testFlipkart -->
        <test-method is-config="true" signature="cleanUp()[pri:0, instance:UIAutomator.DemoNewTest@4f0100a7]" started-at="2024-08-13T17:22:40 IST" name="cleanUp" finished-at="2024-08-13T17:22:40 IST" duration-ms="173" status="PASS">
          <reporter-output>
          </reporter-output>
        </test-method> <!-- cleanUp -->
      </class> <!-- UIAutomator.DemoNewTest -->
    </test> <!-- Command line test -->
  </suite> <!-- Command line suite -->
</testng-results>
